<?xml version="1.0" encoding="UTF-8"?>
<testsuite name="ComputerRepairRequestTest" tests="2" skipped="0" failures="0" errors="0" timestamp="2024-03-05T10:39:10" hostname="DESKTOP-CASPI3T" time="0.019">
  <properties/>
  <testcase name="First Test" classname="ComputerRepairRequestTest" time="0.017"/>
  <testcase name="Test Exemplu" classname="ComputerRepairRequestTest" time="0.001"/>
  <system-out><![CDATA[]]></system-out>
  <system-err><![CDATA[]]></system-err>
</testsuite>
