<?xml version="1.0" encoding="UTF-8"?>
<testsuite name="ComputerRepairRequestTest" tests="2" skipped="0" failures="0" errors="0" timestamp="2024-03-12T09:14:06" hostname="DESKTOP-CASPI3T" time="0.037">
  <properties/>
  <testcase name="First Test" classname="ComputerRepairRequestTest" time="0.033"/>
  <testcase name="Test Exemplu" classname="ComputerRepairRequestTest" time="0.002"/>
  <system-out><![CDATA[]]></system-out>
  <system-err><![CDATA[]]></system-err>
</testsuite>
